<?xml version="1.0" encoding="UTF-8"?>
<testsuite name="my.bookstore.demo.BookstoreApplicationTests" tests="2" skipped="0" failures="0" errors="0" timestamp="2025-12-16T06:09:51.859Z" hostname="omarchy" time="1.585">
  <properties/>
  <testcase name="shouldUpdateBook()" classname="my.bookstore.demo.BookstoreApplicationTests" time="1.574"/>
  <testcase name="contextLoads()" classname="my.bookstore.demo.BookstoreApplicationTests" time="0.008"/>
  <system-out><![CDATA[22:09:37.591 [Test worker] INFO org.springframework.test.context.support.AnnotationConfigContextLoaderUtils -- Could not detect default configuration classes for test class [my.bookstore.demo.BookstoreApplicationTests]: BookstoreApplicationTests does not declare any static, non-private, non-final, nested classes annotated with @Configuration.
22:09:38.495 [Test worker] INFO org.springframework.boot.test.context.SpringBootTestContextBootstrapper -- Found @SpringBootConfiguration my.bookstore.demo.BookstoreApplication for test class my.bookstore.demo.BookstoreApplicationTests

  .   ____          _            __ _ _
 /\\ / ___'_ __ _ _(_)_ __  __ _ \ \ \ \
( ( )\___ | '_ | '_| | '_ \/ _` | \ \ \ \
 \\/  ___)| |_)| | | | | || (_| |  ) ) ) )
  '  |____| .__|_| |_|_| |_\__, | / / / /
 =========|_|==============|___/=/_/_/_/
 :: Spring Boot ::                (v3.2.5)

2025-12-15T22:09:39.722-08:00  INFO 8409 --- [Bookstore] [    Test worker] m.b.demo.BookstoreApplicationTests       : Starting BookstoreApplicationTests using Java 21.0.9 with PID 8409 (started by rvv in /home/rvv/Downloads/projects/person)
2025-12-15T22:09:39.727-08:00  INFO 8409 --- [Bookstore] [    Test worker] m.b.demo.BookstoreApplicationTests       : No active profile set, falling back to 1 default profile: "default"
2025-12-15T22:09:42.259-08:00  INFO 8409 --- [Bookstore] [    Test worker] .s.d.r.c.RepositoryConfigurationDelegate : Bootstrapping Spring Data JPA repositories in DEFAULT mode.
2025-12-15T22:09:42.564-08:00  INFO 8409 --- [Bookstore] [    Test worker] .s.d.r.c.RepositoryConfigurationDelegate : Finished Spring Data repository scanning in 252 ms. Found 1 JPA repository interface.
2025-12-15T22:09:44.976-08:00  INFO 8409 --- [Bookstore] [    Test worker] o.s.b.w.embedded.tomcat.TomcatWebServer  : Tomcat initialized with port 0 (http)
2025-12-15T22:09:45.035-08:00  INFO 8409 --- [Bookstore] [    Test worker] o.apache.catalina.core.StandardService   : Starting service [Tomcat]
2025-12-15T22:09:45.036-08:00  INFO 8409 --- [Bookstore] [    Test worker] o.apache.catalina.core.StandardEngine    : Starting Servlet engine: [Apache Tomcat/10.1.20]
2025-12-15T22:09:45.291-08:00  INFO 8409 --- [Bookstore] [    Test worker] o.a.c.c.C.[Tomcat].[localhost].[/]       : Initializing Spring embedded WebApplicationContext
2025-12-15T22:09:45.295-08:00  INFO 8409 --- [Bookstore] [    Test worker] w.s.c.ServletWebServerApplicationContext : Root WebApplicationContext: initialization completed in 5484 ms
2025-12-15T22:09:45.445-08:00  INFO 8409 --- [Bookstore] [    Test worker] com.zaxxer.hikari.HikariDataSource       : HikariPool-1 - Starting...
2025-12-15T22:09:45.847-08:00  INFO 8409 --- [Bookstore] [    Test worker] com.zaxxer.hikari.pool.HikariPool        : HikariPool-1 - Added connection conn0: url=jdbc:h2:mem:bookstore user=SA
2025-12-15T22:09:45.850-08:00  INFO 8409 --- [Bookstore] [    Test worker] com.zaxxer.hikari.HikariDataSource       : HikariPool-1 - Start completed.
2025-12-15T22:09:45.871-08:00  INFO 8409 --- [Bookstore] [    Test worker] o.s.b.a.h2.H2ConsoleAutoConfiguration    : H2 console available at '/h2-console'. Database available at 'jdbc:h2:mem:bookstore'
2025-12-15T22:09:46.193-08:00  INFO 8409 --- [Bookstore] [    Test worker] o.hibernate.jpa.internal.util.LogHelper  : HHH000204: Processing PersistenceUnitInfo [name: default]
2025-12-15T22:09:46.341-08:00  INFO 8409 --- [Bookstore] [    Test worker] org.hibernate.Version                    : HHH000412: Hibernate ORM core version 6.4.4.Final
2025-12-15T22:09:46.443-08:00  INFO 8409 --- [Bookstore] [    Test worker] o.h.c.internal.RegionFactoryInitiator    : HHH000026: Second-level cache disabled
2025-12-15T22:09:47.041-08:00  INFO 8409 --- [Bookstore] [    Test worker] o.s.o.j.p.SpringPersistenceUnitInfo      : No LoadTimeWeaver setup: ignoring JPA class transformer
2025-12-15T22:09:47.148-08:00  WARN 8409 --- [Bookstore] [    Test worker] org.hibernate.orm.deprecation            : HHH90000025: H2Dialect does not need to be specified explicitly using 'hibernate.dialect' (remove the property setting and it will be selected by default)
2025-12-15T22:09:48.394-08:00  INFO 8409 --- [Bookstore] [    Test worker] o.h.e.t.j.p.i.JtaPlatformInitiator       : HHH000489: No JTA platform available (set 'hibernate.transaction.jta.platform' to enable JTA platform integration)
2025-12-15T22:09:48.441-08:00  INFO 8409 --- [Bookstore] [    Test worker] j.LocalContainerEntityManagerFactoryBean : Initialized JPA EntityManagerFactory for persistence unit 'default'
2025-12-15T22:09:49.317-08:00  WARN 8409 --- [Bookstore] [    Test worker] JpaBaseConfiguration$JpaWebConfiguration : spring.jpa.open-in-view is enabled by default. Therefore, database queries may be performed during view rendering. Explicitly configure spring.jpa.open-in-view to disable this warning
2025-12-15T22:09:51.076-08:00  INFO 8409 --- [Bookstore] [    Test worker] o.s.b.w.embedded.tomcat.TomcatWebServer  : Tomcat started on port 44047 (http) with context path ''
2025-12-15T22:09:51.152-08:00  INFO 8409 --- [Bookstore] [    Test worker] m.b.demo.BookstoreApplicationTests       : Started BookstoreApplicationTests in 12.191 seconds (process running for 21.474)
2025-12-15T22:09:53.087-08:00  INFO 8409 --- [Bookstore] [o-auto-1-exec-1] o.a.c.c.C.[Tomcat].[localhost].[/]       : Initializing Spring DispatcherServlet 'dispatcherServlet'
2025-12-15T22:09:53.088-08:00  INFO 8409 --- [Bookstore] [o-auto-1-exec-1] o.s.web.servlet.DispatcherServlet        : Initializing Servlet 'dispatcherServlet'
2025-12-15T22:09:53.092-08:00  INFO 8409 --- [Bookstore] [o-auto-1-exec-1] o.s.web.servlet.DispatcherServlet        : Completed initialization in 3 ms
]]></system-out>
  <system-err><![CDATA[WARNING: A Java agent has been loaded dynamically (/home/rvv/.gradle/caches/modules-2/files-2.1/net.bytebuddy/byte-buddy-agent/1.14.13/979ce25f7d3096a2e82214ba7dc972a05ce7a171/byte-buddy-agent-1.14.13.jar)
WARNING: If a serviceability tool is in use, please run with -XX:+EnableDynamicAgentLoading to hide this warning
WARNING: If a serviceability tool is not in use, please run with -Djdk.instrument.traceUsage for more information
WARNING: Dynamic loading of agents will be disallowed by default in a future release
]]></system-err>
</testsuite>
